 FLASH log file:  10-04-2018  13:46:09.412    Run number:  1
 ==============================================================================
 Number of MPI tasks:                 16
 MPI version:                          3
 MPI subversion:                       1
 Dimensionality:                       3
 Max Number of Blocks/Proc:          200
 Number x zones:                       8
 Number y zones:                       8
 Number z zones:                       8
 Setup stamp:     Thu Oct 4 12:05:22 2018
 Build stamp:     Thu Oct 4 12:07:50 2018
 System info:     Linux titan-ext1 3.0.101-0.47.106.29-default #1 SMP Mon May 21 13:04:36 UTC 2018
 Version:         FLASH 4.4                                                                       
 Build directory: /lustre/atlas/scratch/saurabh/ast136/flash-branches/FLASHOR/sedov3d
 Setup syntax:    /lustre/atlas/scratch/saurabh/ast136/flash-branches/FLASHOR/bin/setup.py Sedov -auto -3d -site=titan.ccs.ornl.gov -objdir=sedov3d
 f compiler flags: ftn -I/opt/cray/hdf5/1.10.0.3/GNU/5.1/include -DH5_USE_16_API -c -g -Ofast -funroll-loops -fprefetch-loop-arrays -fdefault-real-8 -fdefault-double-8 -fimplicit-none -ffree-line-length-none -cpp -DMAXBLOCKS=200 -DNXB=8 -DNYB=8 -DNZB=8 -DN_DIM=3
 c compiler flags:    cc -I/opt/cray/hdf5/1.10.0.3/GNU/5.1/include -DH5_USE_16_API -c -g -Ofast -funroll-loops -fprefetch-loop-arrays -DMAXBLOCKS=200 -DNXB=8 -DNYB=8 -DNZB=8 -DN_DIM=3
 ==============================================================================
 Comment:  Sedov explosion
 ==============================================================================
 FLASH Units used:
   Driver/DriverMain/Unsplit
   Grid/GridBoundaryConditions
   Grid/GridMain/paramesh/interpolation/Paramesh4/prolong
   Grid/GridMain/paramesh/interpolation/prolong
   Grid/GridMain/paramesh/paramesh4/Paramesh4dev/PM4_package/headers
   Grid/GridMain/paramesh/paramesh4/Paramesh4dev/PM4_package/mpi_source
   Grid/GridMain/paramesh/paramesh4/Paramesh4dev/PM4_package/source
   Grid/GridMain/paramesh/paramesh4/Paramesh4dev/PM4_package/utilities/multigrid
   Grid/GridMain/paramesh/paramesh4/Paramesh4dev/flash_avoid_orrery
   Grid/localAPI
   IO/IOMain/hdf5/serial/PM
   IO/localAPI
   PhysicalConstants/PhysicalConstantsMain
   RuntimeParameters/RuntimeParametersMain
   Simulation/SimulationMain/Sedov
   flashUtilities/contiguousConversion
   flashUtilities/general
   flashUtilities/interpolation/oneDim
   flashUtilities/nameValueLL
   flashUtilities/sorting/quicksort
   flashUtilities/system/memoryUsage/legacy
   monitors/Logfile/LogfileMain
   monitors/Timers/TimersMain/MPINative
   physics/Eos/EosMain/Gamma
   physics/Eos/localAPI
   physics/Hydro/HydroMain/unsplit/Hydro_Unsplit
   physics/Hydro/localAPI
 ==============================================================================
 RuntimeParameters:
                                                                               
 ==============================================================================
bndpriorityone              =          1
bndprioritythree            =          3
bndprioritytwo              =          2
checkpointfileintervalstep  =          0
checkpointfilenumber        =          0
dr_abortpause               =          2
dr_dtminbelowaction         =          1
drift_break_inst            =          0
drift_trunc_mantissa        =          2
drift_verbose_inst          =          0
eos_entrelescalechoice      =          6
eos_loglevel                =        700
fileformatversion           =          9
forcedplotfilenumber        =          0
gr_lrefmaxtimevalue_1       =         -1
gr_lrefmaxtimevalue_10      =         -1
gr_lrefmaxtimevalue_11      =         -1
gr_lrefmaxtimevalue_12      =         -1
gr_lrefmaxtimevalue_13      =         -1
gr_lrefmaxtimevalue_14      =         -1
gr_lrefmaxtimevalue_15      =         -1
gr_lrefmaxtimevalue_16      =         -1
gr_lrefmaxtimevalue_17      =         -1
gr_lrefmaxtimevalue_18      =         -1
gr_lrefmaxtimevalue_19      =         -1
gr_lrefmaxtimevalue_2       =         -1
gr_lrefmaxtimevalue_20      =         -1
gr_lrefmaxtimevalue_3       =         -1
gr_lrefmaxtimevalue_4       =         -1
gr_lrefmaxtimevalue_5       =         -1
gr_lrefmaxtimevalue_6       =         -1
gr_lrefmaxtimevalue_7       =         -1
gr_lrefmaxtimevalue_8       =         -1
gr_lrefmaxtimevalue_9       =         -1
gr_pmrpdivergencefree       =          1
gr_pmrpifaceoff             =          0
gr_pmrpl2p5d                =          0
gr_pmrpmaxblocks            =         -1
gr_pmrpmflags               =          1
gr_pmrpnboundaries          =          6
gr_pmrpndim                 =          3
gr_pmrpnedgevar1            =         -1
gr_pmrpnfacevar             =         -1
gr_pmrpnfielddivf           =         -1
gr_pmrpnfluxvar             =         -1
gr_pmrpnguard               =         -1
gr_pmrpnguardwork           =         -1
gr_pmrpnvar                 =         -1
gr_pmrpnvarwork             =          1
gr_pmrpnvarcorn             =          0
gr_pmrpnvaredge             =          0
gr_pmrpnxb                  =         -1
gr_pmrpnyb                  =         -1
gr_pmrpnzb                  =         -1
gr_restrictallmethod        =          3
gr_sanitizedatamode         =          1
gr_sanitizeverbosity        =          5
hy_3torder                  =         -1
hydrocomputedtoption        =         -1
iprocs                      =          1
interpol_order              =          2
irenorm                     =          0
jprocs                      =          1
kprocs                      =          1
lrefine_del                 =          0
lrefine_max                 =          6 [CHANGED]
lrefine_min                 =          1
lrefine_min_init            =          1
max_particles_per_blk       =        100
memory_stat_freq            =     100000
meshcopycount               =          1
min_particles_per_blk       =          1
nbegin                      =          1
nblockx                     =          1
nblocky                     =          1
nblockz                     =          1
nend                        =        200 [CHANGED]
nrefs                       =          2
nsteptotalsts               =          5
order                       =          3 [CHANGED]
outputsplitnum              =          1
plotfileintervalstep        =          0
plotfilenumber              =          0
refine_var_count            =          4
rolling_checkpoint          =      10000
sim_nsubzones               =          7
sweeporder                  =        123
transorder                  =          1
wr_integrals_freq           =          1
limitedslopebeta            =                 0.100E+01
cfl                         =                 0.800E+00
checkpointfileintervaltime  =                 0.100E-01 [CHANGED]
checkpointfileintervalz     =                 0.180+309
cvisc                       =                 0.100E+00
derefine_cutoff_1           =                 0.200E+00
derefine_cutoff_2           =                 0.200E+00
derefine_cutoff_3           =                 0.200E+00
derefine_cutoff_4           =                 0.200E+00
dr_dtmincontinue            =                 0.000E+00
dr_tstepslowstartfactor     =                 0.100E+00
dtinit                      =                 0.100E-09
dtmax                       =                 0.100E+06
dtmin                       =                 0.100E-09
eintswitch                  =                 0.100E-03 [CHANGED]
eos_singlespeciesa          =                 0.100E+01
eos_singlespeciesz          =                 0.100E+01
gamma                       =                 0.140E+01 [CHANGED]
gr_lrefinemaxredlogbase     =                 0.100E+02
gr_lrefinemaxredradiusfact  =                 0.000E+00
gr_lrefinemaxredtref        =                 0.000E+00
gr_lrefinemaxredtimescale   =                 0.100E+01
gr_lrefmaxtime_1            =                -0.100E+01
gr_lrefmaxtime_10           =                -0.100E+01
gr_lrefmaxtime_11           =                -0.100E+01
gr_lrefmaxtime_12           =                -0.100E+01
gr_lrefmaxtime_13           =                -0.100E+01
gr_lrefmaxtime_14           =                -0.100E+01
gr_lrefmaxtime_15           =                -0.100E+01
gr_lrefmaxtime_16           =                -0.100E+01
gr_lrefmaxtime_17           =                -0.100E+01
gr_lrefmaxtime_18           =                -0.100E+01
gr_lrefmaxtime_19           =                -0.100E+01
gr_lrefmaxtime_2            =                -0.100E+01
gr_lrefmaxtime_20           =                -0.100E+01
gr_lrefmaxtime_3            =                -0.100E+01
gr_lrefmaxtime_4            =                -0.100E+01
gr_lrefmaxtime_5            =                -0.100E+01
gr_lrefmaxtime_6            =                -0.100E+01
gr_lrefmaxtime_7            =                -0.100E+01
gr_lrefmaxtime_8            =                -0.100E+01
gr_lrefmaxtime_9            =                -0.100E+01
hy_cflfallbackfactor        =                 0.900E+00
hy_fpresinmomflux           =                 0.100E+01
hybridorderkappa            =                 0.000E+00
nusts                       =                 0.200E+00 [CHANGED]
plotfileintervaltime        =                 0.000E+00 [CHANGED]
plotfileintervalz           =                 0.180+309
radiusgp                    =                 0.200E+01
refine_cutoff_1             =                 0.800E+00
refine_cutoff_2             =                 0.800E+00
refine_cutoff_3             =                 0.800E+00
refine_cutoff_4             =                 0.800E+00
refine_filter_1             =                 0.100E-01
refine_filter_2             =                 0.100E-01
refine_filter_3             =                 0.100E-01
refine_filter_4             =                 0.100E-01
rss_limit                   =                -0.100E+01
sigmagp                     =                 0.300E+01
sim_expenergy               =                 0.100E+01
sim_pambient                =                 0.100E-04
sim_rinit                   =                 0.137E-01 [CHANGED]
sim_rhoambient              =                 0.100E+01
sim_xctr                    =                 0.500E+00
sim_yctr                    =                 0.500E+00
sim_zctr                    =                 0.500E+00
small                       =                 0.100E-09
smalle                      =                 0.100E-09
smallp                      =                 0.100E-09
smallt                      =                 0.100E-09
smallu                      =                 0.100E-09
smallx                      =                 0.100E-09
smlrho                      =                 0.100E-09
tinitial                    =                 0.000E+00
tiny                        =                 0.100E-15
tmax                        =                 0.500E-01 [CHANGED]
tstep_change_factor         =                 0.200E+01
wall_clock_checkpoint       =                 0.432E+05
wall_clock_time_limit       =                 0.605E+06
x_refine_center             =                 0.000E+00
xmax                        =                 0.100E+01
xmin                        =                 0.000E+00
y_refine_center             =                 0.000E+00
ymax                        =                 0.100E+01
ymin                        =                 0.000E+00
zfinal                      =                 0.000E+00
zinitial                    =                -0.100E+01
z_refine_center             =                 0.000E+00
zmax                        =                 0.100E+01
zmin                        =                 0.000E+00
riemannsolver               = Roe                            [CHANGED]
unitsystem                  = none                          
basenm                      = sedov_                         [CHANGED]
entropyfixmethod            = HARTENHYMAN                   
eosmode                     = dens_ie                       
eosmodeinit                 = dens_ie                       
geometry                    = cartesian                     
gr_pmrpoutputdir            = ./                            
gravlocation                = hydro                         
grav_boundary_type          = isolated                      
hy_eosmodegc                = see eosMode                   
log_file                    = sedov.log                      [CHANGED]
output_directory            =                               
pc_unitsbase                = CGS                           
plot_grid_var_1             = none                          
plot_grid_var_10            = none                          
plot_grid_var_11            = none                          
plot_grid_var_12            = none                          
plot_grid_var_2             = none                          
plot_grid_var_3             = none                          
plot_grid_var_4             = none                          
plot_grid_var_5             = none                          
plot_grid_var_6             = none                          
plot_grid_var_7             = none                          
plot_grid_var_8             = none                          
plot_grid_var_9             = none                          
plot_var_1                  = dens                           [CHANGED]
plot_var_10                 = none                          
plot_var_11                 = none                          
plot_var_12                 = none                          
plot_var_2                  = pres                           [CHANGED]
plot_var_3                  = temp                           [CHANGED]
plot_var_4                  = none                          
plot_var_5                  = none                          
plot_var_6                  = none                          
plot_var_7                  = none                          
plot_var_8                  = none                          
plot_var_9                  = none                          
prof_file                   = profile.dat                   
refine_var_1                = dens                           [CHANGED]
refine_var_2                = pres                           [CHANGED]
refine_var_3                = none                          
refine_var_4                = none                          
run_comment                 = Sedov explosion                [CHANGED]
run_number                  = 1                             
slopelimiter                = mc                             [CHANGED]
stats_file                  = flash.dat                     
wenomethod                  = WENO5                         
xl_boundary_type            = outflow                        [CHANGED]
xr_boundary_type            = outflow                        [CHANGED]
yl_boundary_type            = outflow                        [CHANGED]
yr_boundary_type            = outflow                        [CHANGED]
zl_boundary_type            = outflow                        [CHANGED]
zr_boundary_type            = outflow                        [CHANGED]
eosforriemann               =  F
addthermalflux              =  T
allowdtstsdominate          =  F
alwayscomputeuservars       =  T
alwaysrestrictcheckpoint    =  T
burningrav                  =  F
charlimiting                =  T
chkguardcellsinput          =  F
chkguardcellsoutput         =  F
conserveangmom              =  F
converttoconsvdformeshcalls =  F
converttoconsvdinmeshinterp =  T
corners                     =  F
dr_printtsteploc            =  T
dr_shortenlaststepbeforetmax =  F
drift_tuples                =  F
eachprocwritesownabortlog   =  F
eachprocwritessummary       =  F
earlyblockdistadjustment    =  T
enablemaskedgcfill          =  F
entropy                     =  F
flux_correct                =  T
geometryoverride            =  F
gr_bcenableapplymixedgds    =  T
gr_lrefinemaxbytime         =  F
gr_lrefinemaxreddobylogr    =  F
gr_lrefinemaxreddobytime    =  F
gr_pmrpadvancealllevels     =  F
gr_pmrpamrerrorchecking     =  F
gr_pmrpcartesianpm          =  F
gr_pmrpconserve             =  F
gr_pmrpconsvfluxdensities   =  T
gr_pmrpconsvfluxes          =  F
gr_pmrpcurvilinear          =  F
gr_pmrpcurvilinearconserve  =  F
gr_pmrpcylindricalpm        =  F
gr_pmrpdiagonals            =  T
gr_pmrpedgevalue            =  T
gr_pmrpedgevalueinteg       =  F
gr_pmrpemptycells           =  F
gr_pmrpforceconsistency     =  T
gr_pmrplsingularline        =  F
gr_pmrpnopermanentguardcells =  F
gr_pmrppolarpm              =  F
gr_pmrppredcorr             =  F
gr_pmrpsphericalpm          =  F
gr_pmrptimingmpi            =  F
gr_pmrptimingmpix           =  F
gr_pmrpvardt                =  F
gravburnbarrier             =  F
hy_fallbacklowercfl         =  F
hy_fullspecmsfluxhandling   =  T
ignoreforcedplot            =  F
io_writemscalarintegrals    =  F
plotfilegridquantitydp      =  F
plotfilemetadatadp          =  F
reducegcellfills            =  F
refine_on_particle_count    =  F
restart                     =  F
shockdetect                 =  F
shocklowercfl               =  F
summaryoutputonly           =  F
threadblocklistbuild        =  F
threaddriverblocklist       =  F
threaddriverwithinblock     =  F
threadeoswithinblock        =  F
threadhydroblocklist        =  F
threadhydrowithinblock      =  F
threadraytracebuild         =  F
threadwithinblockbuild      =  F
typematchedxfer             =  T
unbiased_geometry           =  F
updatehydrofluxes           =  T
useburn                     =  F
usecollectivehdf5           =  T
useconductivity             =  F
usecool                     =  F
usecosmology                =  F
usedeleptonize              =  F
usediffuse                  =  F
usediffusecomputedtspecies  =  F
usediffusecomputedttherm    =  F
usediffusecomputedtvisc     =  F
usediffusecomputedtmagnetic =  F
useenergydeposition         =  F
useflame                    =  F
usegravity                  =  F
useheat                     =  F
useheatexchange             =  F
usehydro                    =  T
useincompns                 =  F
useionize                   =  F
uselegacylabels             =  T
usemagneticresistivity      =  F
usemassdiffusivity          =  F
useopacity                  =  F
useparticles                =  F
useplasmastate              =  F
usepolytrope                =  F
useprimordialchemistry      =  F
useprotonemission           =  F
useprotonimaging            =  F
useradtrans                 =  F
usests                      =  F
usestsfordiffusion          =  F
usestir                     =  F
usethomsonscattering        =  F
usetreeray                  =  F
useturb                     =  T
useviscosity                =  F
use_3dfullctu               =  T
use_auxeinteqn              =  T
use_avisc                   =  T [CHANGED]
use_cma_advection           =  F
use_cma_flattening          =  F
use_flash_surr_blks_fill    =  T
use_flattening              =  F
use_gravhalfupdate          =  T
use_hybridorder             =  F
use_reduced_orrery          =  T
use_steepening              =  F
use_upwindtvd               =  F
writestatsummary            =  T
                                                                               
 ==============================================================================
                                                                               
 Known units of measurement:
                                                                               
              Unit                          CGS Value                Base Unit
  1                  cm                     1.0000                           cm
  2                   s                     1.0000                            s
  3                   g                     1.0000                            g
  4                   K                     1.0000                            K
  5                 esu                     1.0000                          esu
  6                 mol                     1.0000                          mol
  7                   m                     100.00                           cm
  8                  km                    1.00000E+05                       cm
  9                  pc                    3.08568E+18                       cm
 10                 kpc                    3.08568E+21                       cm
 11                 Mpc                    3.08568E+24                       cm
 12                 Gpc                    3.08568E+27                       cm
 13                Rsun                    6.96000E+10                       cm
 14                  AU                    1.49598E+13                       cm
 15                  yr                    3.15569E+07                        s
 16                 Myr                    3.15569E+13                        s
 17                 Gyr                    3.15569E+16                        s
 18                  kg                     1000.0                            g
 19                Msun                    1.98892E+33                        g
 20                 amu                    1.66054E-24                        g
 21                  eV                     11605.                            K
 22                   C                    2.99792E+09                      esu
 23                LFLY                    3.08568E+24                       cm
 24                TFLY                    2.05759E+17                        s
 25                MFLY                    9.88470E+45                        g
 26            clLength                    3.08568E+24                       cm
 27              clTime                    3.15569E+16                        s
 28              clMass                    1.98892E+48                        g
 29              clTemp                    1.16045E+07                        K
-----------End of Units--------------------
                                                                               
 Known physical constants:
                                                                               
    Constant Name       Constant Value   cm       s        g        K        esu      mol
  1              Newton    6.67408E-08   3.0     -2.0     -1.0      0.0      0.0      0.0    
  2      speed of light    2.99792E+10   1.0     -1.0      0.0      0.0      0.0      0.0    
  3              Planck    6.62607E-27   2.0     -1.0      1.0      0.0      0.0      0.0    
  4     electron charge    4.80320E-10   0.0      0.0      0.0      0.0      1.0      0.0    
  5       electron mass    9.10938E-28   0.0      0.0      1.0      0.0      0.0      0.0    
  6         proton mass    1.67262E-24   0.0      0.0      1.0      0.0      0.0      0.0    
  7      fine-structure    7.29735E-03   0.0      0.0      0.0      0.0      0.0      0.0    
  8            Avogadro    6.02214E+23   0.0      0.0      0.0      0.0      0.0     -1.0    
  9           Boltzmann    1.38065E-16   2.0     -2.0      1.0     -1.0      0.0      0.0    
 10  ideal gas constant    8.31446E+07   2.0     -2.0      1.0     -1.0      0.0     -1.0    
 11                Wien    0.28978       1.0      0.0      0.0      1.0      0.0      0.0    
 12    Stefan-Boltzmann    5.67037E-05   0.0     -3.0      1.0     -4.0      0.0      0.0    
 13  Radiation Constant    7.56572E-15  -1.0     -2.0      1.0     -4.0      0.0      0.0    
 14                  pi     3.1416       0.0      0.0      0.0      0.0      0.0      0.0    
 15                   e     2.7183       0.0      0.0      0.0      0.0      0.0      0.0    
 16               Euler    0.57722       0.0      0.0      0.0      0.0      0.0      0.0    
 ==============================================================================
                                                                               
 Multifluid database: not configured in
                                                                               
 ==============================================================================
 [ 10-04-2018  13:46:09.545 ] [gr_initGeometry] checking BCs for idir: 1
 [ 10-04-2018  13:46:09.546 ] [gr_initGeometry] checking BCs for idir: 2
 [ 10-04-2018  13:46:09.546 ] [gr_initGeometry] checking BCs for idir: 3
 [ 10-04-2018  13:46:09.550 ] [GRID amr_refine_derefine]: initiating refinement
 [ 10-04-2018  13:46:09.551 ] [GRID amr_refine_derefine]: redist. phase.  tot blks requested: 1
 [GRID amr_refine_derefine] min blks 0    max blks 1    tot blks 1
 [GRID amr_refine_derefine] min leaf blks 0    max leaf blks 1    tot leaf blks 1
 [ 10-04-2018  13:46:09.554 ] [GRID amr_refine_derefine]: refinement complete
 [ 10-04-2018  13:46:09.557 ] [GRID gr_expandDomain]: iteration=1, create level=2
 INFO: Grid_fillGuardCells is ignoring masking.
 [ 10-04-2018  13:46:09.755 ] [mpi_amr_comm_setup]: buffer_dim_send=1, buffer_dim_recv=1
 [ 10-04-2018  13:46:09.758 ] [GRID amr_refine_derefine]: initiating refinement
 [ 10-04-2018  13:46:09.759 ] [GRID amr_refine_derefine]: redist. phase.  tot blks requested: 9
 [GRID amr_refine_derefine] min blks 0    max blks 1    tot blks 9
 [GRID amr_refine_derefine] min leaf blks 0    max leaf blks 1    tot leaf blks 8
 [ 10-04-2018  13:46:09.763 ] [GRID amr_refine_derefine]: refinement complete
 [ 10-04-2018  13:46:09.766 ] [GRID gr_expandDomain]: iteration=2, create level=3
 [ 10-04-2018  13:46:09.974 ] [mpi_amr_comm_setup]: buffer_dim_send=46113, buffer_dim_recv=1
 [ 10-04-2018  13:46:09.979 ] [GRID amr_refine_derefine]: initiating refinement
 [ 10-04-2018  13:46:09.981 ] [GRID amr_refine_derefine]: redist. phase.  tot blks requested: 73
 [GRID amr_refine_derefine] min blks 4    max blks 5    tot blks 73
 [GRID amr_refine_derefine] min leaf blks 3    max leaf blks 5    tot leaf blks 64
 [ 10-04-2018  13:46:09.986 ] [GRID amr_refine_derefine]: refinement complete
 [ 10-04-2018  13:46:09.988 ] [GRID gr_expandDomain]: iteration=3, create level=4
 [ 10-04-2018  13:46:10.910 ] [mpi_amr_comm_setup]: buffer_dim_send=86681, buffer_dim_recv=45585
 [ 10-04-2018  13:46:10.923 ] [GRID amr_refine_derefine]: initiating refinement
 [ 10-04-2018  13:46:10.926 ] [GRID amr_refine_derefine]: redist. phase.  tot blks requested: 137
 [GRID amr_refine_derefine] min blks 8    max blks 10    tot blks 137
 [GRID amr_refine_derefine] min leaf blks 7    max leaf blks 8    tot leaf blks 120
 [ 10-04-2018  13:46:10.931 ] [GRID amr_refine_derefine]: refinement complete
 [ 10-04-2018  13:46:10.932 ] [GRID gr_expandDomain]: iteration=4, create level=5
 [ 10-04-2018  13:46:12.328 ] [mpi_amr_comm_setup]: buffer_dim_send=130681, buffer_dim_recv=59753
 [ 10-04-2018  13:46:12.364 ] [GRID amr_refine_derefine]: initiating refinement
 [ 10-04-2018  13:46:12.367 ] [GRID amr_refine_derefine]: redist. phase.  tot blks requested: 201
 [GRID amr_refine_derefine] min blks 12    max blks 13    tot blks 201
 [GRID amr_refine_derefine] min leaf blks 10    max leaf blks 12    tot leaf blks 176
 [ 10-04-2018  13:46:12.373 ] [GRID amr_refine_derefine]: refinement complete
 [ 10-04-2018  13:46:12.375 ] [GRID gr_expandDomain]: iteration=5, create level=6
 [ 10-04-2018  13:46:14.408 ] [mpi_amr_comm_setup]: buffer_dim_send=146301, buffer_dim_recv=91037
 [ 10-04-2018  13:46:14.464 ] [GRID amr_refine_derefine]: initiating refinement
 [ 10-04-2018  13:46:14.467 ] [GRID amr_refine_derefine]: redist. phase.  tot blks requested: 265
 [GRID amr_refine_derefine] min blks 16    max blks 18    tot blks 265
 [GRID amr_refine_derefine] min leaf blks 13    max leaf blks 16    tot leaf blks 232
 [ 10-04-2018  13:46:14.475 ] [GRID amr_refine_derefine]: refinement complete
 [ 10-04-2018  13:46:14.476 ] [GRID gr_expandDomain]: iteration=6, create level=6
 [ 10-04-2018  13:46:17.055 ] [mpi_amr_comm_setup]: buffer_dim_send=176133, buffer_dim_recv=105205
 [ 10-04-2018  13:46:17.128 ] [GRID gr_expandDomain]: iteration=7, create level=6
 [ 10-04-2018  13:46:19.778 ] [GRID gr_expandDomain]: iteration=8, create level=6
 [ 10-04-2018  13:46:22.350 ] memory: /proc vsize    (MB):      367.52 (min)        532.95 (max)        471.34 (avg)
 [ 10-04-2018  13:46:22.351 ] memory: /proc rss      (MB):       83.98 (min)         87.41 (max)         85.43 (avg)
 [ 10-04-2018  13:46:22.352 ] memory: /proc vsize    (MB):      367.52 (min)        532.95 (max)        471.34 (avg)
 [ 10-04-2018  13:46:22.352 ] memory: /proc rss      (MB):       84.02 (min)         87.50 (max)         85.48 (avg)
 [ 10-04-2018  13:46:22.355 ] memory: /proc vsize    (MB):      367.52 (min)        532.95 (max)        471.34 (avg)
 [ 10-04-2018  13:46:22.355 ] memory: /proc rss      (MB):       84.04 (min)         87.52 (max)         85.51 (avg)
 [ 10-04-2018  13:46:22.379 ] [IO_writeCheckpoint] open: type=checkpoint name=sedov_hdf5_chk_0000
 [ 10-04-2018  13:46:22.544 ] [IO_writeCheckpoint] close: type=checkpoint name=sedov_hdf5_chk_0000
 [ 10-04-2018  13:46:22.551 ] [IO_writePlotfile] open: type=plotfile name=sedov_hdf5_plt_cnt_0000
 [ 10-04-2018  13:46:22.619 ] [IO_writePlotfile] close: type=plotfile name=sedov_hdf5_plt_cnt_0000
 [ 10-04-2018  13:46:22.620 ] memory: /proc vsize    (MB):      367.52 (min)        540.13 (max)        479.09 (avg)
 [ 10-04-2018  13:46:22.620 ] memory: /proc rss      (MB):       84.32 (min)         89.38 (max)         85.97 (avg)
 [ 10-04-2018  13:46:22.621 ] [Driver_evolveFlash]: Entering evolution loop
 [ 10-04-2018  13:46:22.622 ] step: n=1 t=0.000000E+00 dt=1.000000E-10
 [ 10-04-2018  13:46:22.869 ] step: n=2 t=1.000000E-10 dt=2.000000E-10
 [ 10-04-2018  13:46:23.198 ] step: n=3 t=3.000000E-10 dt=4.000000E-10
 [ 10-04-2018  13:46:23.436 ] step: n=4 t=7.000000E-10 dt=8.000000E-10
 [ 10-04-2018  13:46:23.764 ] step: n=5 t=1.500000E-09 dt=1.600000E-09
 [ 10-04-2018  13:46:24.003 ] step: n=6 t=3.100000E-09 dt=3.200000E-09
 [ 10-04-2018  13:46:24.331 ] step: n=7 t=6.300000E-09 dt=6.400000E-09
 [ 10-04-2018  13:46:24.571 ] step: n=8 t=1.270000E-08 dt=1.280000E-08
 [ 10-04-2018  13:46:24.902 ] step: n=9 t=2.550000E-08 dt=2.560000E-08
 [ 10-04-2018  13:46:25.141 ] step: n=10 t=5.110000E-08 dt=5.120000E-08
 [ 10-04-2018  13:46:25.470 ] step: n=11 t=1.023000E-07 dt=1.024000E-07
 [ 10-04-2018  13:46:25.710 ] step: n=12 t=2.047000E-07 dt=2.048000E-07
 [ 10-04-2018  13:46:26.037 ] step: n=13 t=4.095000E-07 dt=4.096000E-07
 [ 10-04-2018  13:46:26.277 ] step: n=14 t=8.191000E-07 dt=8.192000E-07
 [ 10-04-2018  13:46:26.605 ] step: n=15 t=1.638300E-06 dt=1.638400E-06
 [ 10-04-2018  13:46:26.845 ] step: n=16 t=3.276700E-06 dt=3.276800E-06
 [ 10-04-2018  13:46:27.175 ] step: n=17 t=6.553500E-06 dt=6.553600E-06
 [ 10-04-2018  13:46:27.414 ] step: n=18 t=1.310710E-05 dt=1.154705E-05
 [ 10-04-2018  13:46:27.742 ] step: n=19 t=2.465415E-05 dt=1.038800E-05
 [ 10-04-2018  13:46:27.981 ] step: n=20 t=3.504215E-05 dt=9.798960E-06
 [ 10-04-2018  13:46:28.311 ] step: n=21 t=4.484111E-05 dt=9.270178E-06
 [ 10-04-2018  13:46:28.551 ] step: n=22 t=5.411129E-05 dt=9.451252E-06
 [ 10-04-2018  13:46:28.880 ] step: n=23 t=6.356254E-05 dt=9.759983E-06
 [ 10-04-2018  13:46:29.120 ] step: n=24 t=7.332252E-05 dt=1.003998E-05
 [ 10-04-2018  13:46:29.448 ] step: n=25 t=8.336250E-05 dt=1.037835E-05
 [ 10-04-2018  13:46:29.690 ] step: n=26 t=9.374085E-05 dt=1.090956E-05
 [ 10-04-2018  13:46:30.017 ] [GRID amr_refine_derefine]: initiating refinement
 [ 10-04-2018  13:46:30.023 ] [GRID amr_refine_derefine]: redist. phase.  tot blks requested: 841
 [GRID amr_refine_derefine] min blks 51    max blks 54    tot blks 841
 [GRID amr_refine_derefine] min leaf blks 45    max leaf blks 47    tot leaf blks 736
 [ 10-04-2018  13:46:30.034 ] [GRID amr_refine_derefine]: refinement complete
 [ 10-04-2018  13:46:30.130 ] step: n=27 t=1.046504E-04 dt=1.149665E-05
 [ 10-04-2018  13:46:30.146 ] [mpi_amr_comm_setup]: buffer_dim_send=314029, buffer_dim_recv=296385
 [ 10-04-2018  13:46:30.863 ] step: n=28 t=1.161471E-04 dt=1.217119E-05
 [ 10-04-2018  13:46:31.830 ] step: n=29 t=1.283183E-04 dt=1.424981E-05
 [ 10-04-2018  13:46:32.563 ] step: n=30 t=1.425681E-04 dt=1.590507E-05
 [ 10-04-2018  13:46:33.564 ] step: n=31 t=1.584731E-04 dt=1.326880E-05
 [ 10-04-2018  13:46:34.294 ] step: n=32 t=1.717419E-04 dt=1.134564E-05
 [ 10-04-2018  13:46:35.263 ] step: n=33 t=1.830876E-04 dt=1.149885E-05
 [ 10-04-2018  13:46:35.999 ] step: n=34 t=1.945864E-04 dt=1.259811E-05
 [ 10-04-2018  13:46:36.976 ] step: n=35 t=2.071845E-04 dt=1.529323E-05
 [ 10-04-2018  13:46:37.708 ] step: n=36 t=2.224778E-04 dt=1.514963E-05
 [ 10-04-2018  13:46:38.675 ] step: n=37 t=2.376274E-04 dt=1.517001E-05
 [ 10-04-2018  13:46:39.411 ] step: n=38 t=2.527974E-04 dt=1.523561E-05
 [ 10-04-2018  13:46:40.387 ] step: n=39 t=2.680330E-04 dt=1.548066E-05
 [ 10-04-2018  13:46:41.123 ] step: n=40 t=2.835137E-04 dt=1.512950E-05
 [ 10-04-2018  13:46:42.090 ] step: n=41 t=2.986432E-04 dt=1.577052E-05
 [ 10-04-2018  13:46:42.825 ] step: n=42 t=3.144137E-04 dt=1.646159E-05
 [ 10-04-2018  13:46:43.797 ] step: n=43 t=3.308753E-04 dt=1.701678E-05
 [ 10-04-2018  13:46:44.532 ] step: n=44 t=3.478921E-04 dt=1.807352E-05
 [ 10-04-2018  13:46:45.502 ] step: n=45 t=3.659656E-04 dt=1.923772E-05
 [ 10-04-2018  13:46:46.237 ] step: n=46 t=3.852033E-04 dt=2.044566E-05
 [ 10-04-2018  13:46:47.211 ] step: n=47 t=4.056490E-04 dt=2.161472E-05
 [ 10-04-2018  13:46:47.947 ] step: n=48 t=4.272637E-04 dt=2.187416E-05
 [ 10-04-2018  13:46:48.917 ] step: n=49 t=4.491379E-04 dt=2.236036E-05
 [ 10-04-2018  13:46:49.652 ] step: n=50 t=4.714982E-04 dt=2.246887E-05
 [ 10-04-2018  13:46:50.627 ] step: n=51 t=4.939671E-04 dt=2.219974E-05
 [ 10-04-2018  13:46:51.371 ] step: n=52 t=5.161668E-04 dt=2.205930E-05
 [ 10-04-2018  13:46:52.337 ] step: n=53 t=5.382261E-04 dt=2.202013E-05
 [ 10-04-2018  13:46:53.072 ] step: n=54 t=5.602463E-04 dt=2.206225E-05
 [ 10-04-2018  13:46:54.045 ] [GRID amr_refine_derefine]: initiating refinement
 [ 10-04-2018  13:46:54.053 ] [GRID amr_refine_derefine]: redist. phase.  tot blks requested: 1417
 [GRID amr_refine_derefine] min blks 88    max blks 90    tot blks 1417
 [GRID amr_refine_derefine] min leaf blks 76    max leaf blks 79    tot leaf blks 1240
 [ 10-04-2018  13:46:54.075 ] [GRID amr_refine_derefine]: refinement complete
 [ 10-04-2018  13:46:54.164 ] step: n=55 t=5.823085E-04 dt=2.203501E-05
 [ 10-04-2018  13:46:54.186 ] [mpi_amr_comm_setup]: buffer_dim_send=382361, buffer_dim_recv=359261
 [ 10-04-2018  13:46:55.331 ] step: n=56 t=6.043435E-04 dt=2.210348E-05
 [ 10-04-2018  13:46:56.838 ] step: n=57 t=6.264470E-04 dt=2.221103E-05
 [ 10-04-2018  13:46:58.008 ] step: n=58 t=6.486580E-04 dt=2.243201E-05
 [ 10-04-2018  13:46:59.520 ] step: n=59 t=6.710900E-04 dt=2.275711E-05
 [ 10-04-2018  13:47:00.688 ] step: n=60 t=6.938471E-04 dt=2.312602E-05
 [ 10-04-2018  13:47:02.202 ] step: n=61 t=7.169732E-04 dt=2.324173E-05
 [ 10-04-2018  13:47:03.371 ] step: n=62 t=7.402149E-04 dt=2.345893E-05
 [ 10-04-2018  13:47:04.885 ] step: n=63 t=7.636738E-04 dt=2.379657E-05
 [ 10-04-2018  13:47:06.054 ] step: n=64 t=7.874704E-04 dt=2.397165E-05
 [ 10-04-2018  13:47:07.567 ] step: n=65 t=8.114420E-04 dt=2.402317E-05
 [ 10-04-2018  13:47:08.736 ] step: n=66 t=8.354652E-04 dt=2.406281E-05
 [ 10-04-2018  13:47:10.252 ] step: n=67 t=8.595280E-04 dt=2.411966E-05
 [ 10-04-2018  13:47:11.422 ] step: n=68 t=8.836477E-04 dt=2.421832E-05
 [ 10-04-2018  13:47:12.936 ] step: n=69 t=9.078660E-04 dt=2.434404E-05
 [ 10-04-2018  13:47:14.105 ] step: n=70 t=9.322101E-04 dt=2.447481E-05
 [ 10-04-2018  13:47:15.618 ] step: n=71 t=9.566849E-04 dt=2.460290E-05
 [ 10-04-2018  13:47:16.791 ] step: n=72 t=9.812878E-04 dt=2.471720E-05
 [ 10-04-2018  13:47:18.304 ] step: n=73 t=1.006005E-03 dt=2.480545E-05
 [ 10-04-2018  13:47:19.473 ] step: n=74 t=1.030810E-03 dt=2.487319E-05
 [ 10-04-2018  13:47:20.987 ] step: n=75 t=1.055684E-03 dt=2.493236E-05
 [ 10-04-2018  13:47:22.157 ] step: n=76 t=1.080616E-03 dt=2.500649E-05
 [ 10-04-2018  13:47:23.673 ] step: n=77 t=1.105622E-03 dt=2.510104E-05
 [ 10-04-2018  13:47:24.839 ] step: n=78 t=1.130724E-03 dt=2.520244E-05
 [ 10-04-2018  13:47:26.354 ] step: n=79 t=1.155926E-03 dt=2.531221E-05
 [ 10-04-2018  13:47:27.526 ] step: n=80 t=1.181238E-03 dt=2.543168E-05
 [ 10-04-2018  13:47:29.034 ] step: n=81 t=1.206670E-03 dt=2.555571E-05
 [ 10-04-2018  13:47:30.204 ] step: n=82 t=1.232226E-03 dt=2.567434E-05
 [ 10-04-2018  13:47:31.718 ] step: n=83 t=1.257900E-03 dt=2.578628E-05
 [ 10-04-2018  13:47:32.885 ] step: n=84 t=1.283686E-03 dt=2.589307E-05
 [ 10-04-2018  13:47:34.400 ] step: n=85 t=1.309579E-03 dt=2.599527E-05
 [ 10-04-2018  13:47:35.566 ] step: n=86 t=1.335575E-03 dt=2.609059E-05
 [ 10-04-2018  13:47:37.074 ] [GRID amr_refine_derefine]: initiating refinement
 [ 10-04-2018  13:47:37.082 ] [GRID amr_refine_derefine]: redist. phase.  tot blks requested: 1609
 [GRID amr_refine_derefine] min blks 100    max blks 101    tot blks 1609
 [GRID amr_refine_derefine] min leaf blks 87    max leaf blks 89    tot leaf blks 1408
 [ 10-04-2018  13:47:37.114 ] [GRID amr_refine_derefine]: refinement complete
 [ 10-04-2018  13:47:37.154 ] step: n=87 t=1.361665E-03 dt=2.617877E-05
 [ 10-04-2018  13:47:37.174 ] [mpi_amr_comm_setup]: buffer_dim_send=323093, buffer_dim_recv=333609
 [ 10-04-2018  13:47:38.467 ] step: n=88 t=1.387844E-03 dt=2.626310E-05
 [ 10-04-2018  13:47:40.111 ] step: n=89 t=1.414107E-03 dt=2.634613E-05
 [ 10-04-2018  13:47:41.412 ] step: n=90 t=1.440453E-03 dt=2.643266E-05
 [ 10-04-2018  13:47:43.061 ] step: n=91 t=1.466886E-03 dt=2.652340E-05
 [ 10-04-2018  13:47:44.359 ] step: n=92 t=1.493409E-03 dt=2.661039E-05
 [ 10-04-2018  13:47:46.011 ] step: n=93 t=1.520020E-03 dt=2.668219E-05
 [ 10-04-2018  13:47:47.308 ] step: n=94 t=1.546702E-03 dt=2.673741E-05
 [ 10-04-2018  13:47:48.959 ] step: n=95 t=1.573439E-03 dt=2.678789E-05
 [ 10-04-2018  13:47:50.257 ] step: n=96 t=1.600227E-03 dt=2.684414E-05
 [ 10-04-2018  13:47:51.909 ] step: n=97 t=1.627071E-03 dt=2.690891E-05
 [ 10-04-2018  13:47:53.212 ] step: n=98 t=1.653980E-03 dt=2.698098E-05
 [ 10-04-2018  13:47:54.857 ] step: n=99 t=1.680961E-03 dt=2.705777E-05
 [ 10-04-2018  13:47:56.158 ] step: n=100 t=1.708019E-03 dt=2.713593E-05
 [ 10-04-2018  13:47:57.809 ] step: n=101 t=1.735155E-03 dt=2.721200E-05
 [ 10-04-2018  13:47:59.107 ] step: n=102 t=1.762367E-03 dt=2.728551E-05
 [ 10-04-2018  13:48:00.758 ] step: n=103 t=1.789652E-03 dt=2.735702E-05
 [ 10-04-2018  13:48:02.056 ] step: n=104 t=1.817009E-03 dt=2.742788E-05
 [ 10-04-2018  13:48:03.705 ] step: n=105 t=1.844437E-03 dt=2.749777E-05
 [ 10-04-2018  13:48:05.007 ] step: n=106 t=1.871935E-03 dt=2.756517E-05
 [ 10-04-2018  13:48:06.651 ] step: n=107 t=1.899500E-03 dt=2.763110E-05
 [ 10-04-2018  13:48:07.953 ] step: n=108 t=1.927131E-03 dt=2.769727E-05
 [ 10-04-2018  13:48:09.597 ] [GRID amr_refine_derefine]: initiating refinement
 [ 10-04-2018  13:48:09.605 ] [GRID amr_refine_derefine]: redist. phase.  tot blks requested: 1801
 [GRID amr_refine_derefine] min blks 111    max blks 114    tot blks 1801
 [GRID amr_refine_derefine] min leaf blks 97    max leaf blks 100    tot leaf blks 1576
 [ 10-04-2018  13:48:09.640 ] [GRID amr_refine_derefine]: refinement complete
 [ 10-04-2018  13:48:09.679 ] step: n=109 t=1.954829E-03 dt=2.776514E-05
 [ 10-04-2018  13:48:09.703 ] [mpi_amr_comm_setup]: buffer_dim_send=393141, buffer_dim_recv=401765
 [ 10-04-2018  13:48:11.050 ] step: n=110 t=1.982594E-03 dt=2.783392E-05
 [ 10-04-2018  13:48:12.815 ] step: n=111 t=2.010428E-03 dt=2.790308E-05
 [ 10-04-2018  13:48:14.182 ] step: n=112 t=2.038331E-03 dt=2.797193E-05
 [ 10-04-2018  13:48:15.946 ] step: n=113 t=2.066303E-03 dt=2.803944E-05
 [ 10-04-2018  13:48:17.319 ] step: n=114 t=2.094342E-03 dt=2.810581E-05
 [ 10-04-2018  13:48:19.097 ] step: n=115 t=2.122448E-03 dt=2.817061E-05
 [ 10-04-2018  13:48:20.472 ] step: n=116 t=2.150618E-03 dt=2.823379E-05
 [ 10-04-2018  13:48:22.235 ] step: n=117 t=2.178852E-03 dt=2.829582E-05
 [ 10-04-2018  13:48:23.608 ] step: n=118 t=2.207148E-03 dt=2.835744E-05
 [ 10-04-2018  13:48:25.371 ] step: n=119 t=2.235506E-03 dt=2.841856E-05
 [ 10-04-2018  13:48:26.743 ] step: n=120 t=2.263924E-03 dt=2.847883E-05
 [ 10-04-2018  13:48:28.505 ] step: n=121 t=2.292403E-03 dt=2.853820E-05
 [ 10-04-2018  13:48:29.879 ] step: n=122 t=2.320941E-03 dt=2.859590E-05
 [ 10-04-2018  13:48:31.642 ] step: n=123 t=2.349537E-03 dt=2.865343E-05
 [ 10-04-2018  13:48:33.018 ] step: n=124 t=2.378190E-03 dt=2.871126E-05
 [ 10-04-2018  13:48:34.779 ] step: n=125 t=2.406902E-03 dt=2.876927E-05
 [ 10-04-2018  13:48:36.154 ] step: n=126 t=2.435671E-03 dt=2.882720E-05
 [ 10-04-2018  13:48:37.911 ] step: n=127 t=2.464498E-03 dt=2.888513E-05
 [ 10-04-2018  13:48:39.287 ] step: n=128 t=2.493383E-03 dt=2.894320E-05
 [ 10-04-2018  13:48:41.051 ] step: n=129 t=2.522326E-03 dt=2.900153E-05
 [ 10-04-2018  13:48:42.420 ] step: n=130 t=2.551328E-03 dt=2.906000E-05
 [ 10-04-2018  13:48:44.184 ] step: n=131 t=2.580388E-03 dt=2.911836E-05
 [ 10-04-2018  13:48:45.556 ] step: n=132 t=2.609506E-03 dt=2.917630E-05
 [ 10-04-2018  13:48:47.320 ] step: n=133 t=2.638683E-03 dt=2.923345E-05
 [ 10-04-2018  13:48:48.690 ] step: n=134 t=2.667916E-03 dt=2.928939E-05
 [ 10-04-2018  13:48:50.452 ] step: n=135 t=2.697206E-03 dt=2.934377E-05
 [ 10-04-2018  13:48:51.828 ] step: n=136 t=2.726549E-03 dt=2.939649E-05
 [ 10-04-2018  13:48:53.586 ] step: n=137 t=2.755946E-03 dt=2.944799E-05
 [ 10-04-2018  13:48:54.961 ] step: n=138 t=2.785394E-03 dt=2.949913E-05
 [ 10-04-2018  13:48:56.717 ] step: n=139 t=2.814893E-03 dt=2.955082E-05
 [ 10-04-2018  13:48:58.091 ] step: n=140 t=2.844444E-03 dt=2.960318E-05
 [ 10-04-2018  13:48:59.854 ] step: n=141 t=2.874047E-03 dt=2.965609E-05
 [ 10-04-2018  13:49:01.226 ] step: n=142 t=2.903703E-03 dt=2.970923E-05
 [ 10-04-2018  13:49:03.009 ] step: n=143 t=2.933412E-03 dt=2.976235E-05
 [ 10-04-2018  13:49:04.377 ] step: n=144 t=2.963175E-03 dt=2.981506E-05
 [ 10-04-2018  13:49:06.133 ] [GRID amr_refine_derefine]: initiating refinement
 [ 10-04-2018  13:49:06.143 ] [GRID amr_refine_derefine]: redist. phase.  tot blks requested: 2185
 [GRID amr_refine_derefine] min blks 135    max blks 138    tot blks 2185
 [GRID amr_refine_derefine] min leaf blks 118    max leaf blks 121    tot leaf blks 1912
 [ 10-04-2018  13:49:06.181 ] [GRID amr_refine_derefine]: refinement complete
 [ 10-04-2018  13:49:06.239 ] step: n=145 t=2.992990E-03 dt=2.986682E-05
 [ 10-04-2018  13:49:06.267 ] [mpi_amr_comm_setup]: buffer_dim_send=474673, buffer_dim_recv=480217
 [ 10-04-2018  13:49:07.906 ] step: n=146 t=3.022856E-03 dt=2.991708E-05
 [ 10-04-2018  13:49:10.044 ] step: n=147 t=3.052774E-03 dt=2.996558E-05
 [ 10-04-2018  13:49:11.706 ] step: n=148 t=3.082739E-03 dt=3.001278E-05
 [ 10-04-2018  13:49:13.845 ] step: n=149 t=3.112752E-03 dt=3.005975E-05
 [ 10-04-2018  13:49:15.504 ] step: n=150 t=3.142812E-03 dt=3.010762E-05
 [ 10-04-2018  13:49:17.642 ] step: n=151 t=3.172919E-03 dt=3.015705E-05
 [ 10-04-2018  13:49:19.302 ] step: n=152 t=3.203076E-03 dt=3.020786E-05
 [ 10-04-2018  13:49:21.440 ] step: n=153 t=3.233284E-03 dt=3.025951E-05
 [ 10-04-2018  13:49:23.102 ] step: n=154 t=3.263544E-03 dt=3.031093E-05
 [ 10-04-2018  13:49:25.235 ] step: n=155 t=3.293855E-03 dt=3.036082E-05
 [ 10-04-2018  13:49:26.895 ] step: n=156 t=3.324215E-03 dt=3.040855E-05
 [ 10-04-2018  13:49:29.032 ] step: n=157 t=3.354624E-03 dt=3.045460E-05
 [ 10-04-2018  13:49:30.692 ] step: n=158 t=3.385079E-03 dt=3.050000E-05
 [ 10-04-2018  13:49:32.829 ] step: n=159 t=3.415579E-03 dt=3.054564E-05
 [ 10-04-2018  13:49:34.486 ] step: n=160 t=3.446124E-03 dt=3.059177E-05
 [ 10-04-2018  13:49:36.625 ] step: n=161 t=3.476716E-03 dt=3.063832E-05
 [ 10-04-2018  13:49:38.281 ] step: n=162 t=3.507354E-03 dt=3.068483E-05
 [ 10-04-2018  13:49:40.419 ] step: n=163 t=3.538039E-03 dt=3.073074E-05
 [ 10-04-2018  13:49:42.078 ] step: n=164 t=3.568770E-03 dt=3.077532E-05
 [ 10-04-2018  13:49:44.212 ] step: n=165 t=3.599545E-03 dt=3.081833E-05
 [ 10-04-2018  13:49:45.872 ] step: n=166 t=3.630364E-03 dt=3.086033E-05
 [ 10-04-2018  13:49:48.005 ] step: n=167 t=3.661224E-03 dt=3.090250E-05
 [ 10-04-2018  13:49:49.666 ] step: n=168 t=3.692126E-03 dt=3.094592E-05
 [ 10-04-2018  13:49:51.802 ] step: n=169 t=3.723072E-03 dt=3.099103E-05
 [ 10-04-2018  13:49:53.461 ] step: n=170 t=3.754063E-03 dt=3.103724E-05
 [ 10-04-2018  13:49:55.600 ] step: n=171 t=3.785101E-03 dt=3.108354E-05
 [ 10-04-2018  13:49:57.260 ] step: n=172 t=3.816184E-03 dt=3.112901E-05
 [ 10-04-2018  13:49:59.396 ] step: n=173 t=3.847313E-03 dt=3.117289E-05
 [ 10-04-2018  13:50:01.059 ] step: n=174 t=3.878486E-03 dt=3.121490E-05
 [ 10-04-2018  13:50:03.197 ] step: n=175 t=3.909701E-03 dt=3.125544E-05
 [ 10-04-2018  13:50:04.861 ] step: n=176 t=3.940956E-03 dt=3.129538E-05
 [ 10-04-2018  13:50:06.995 ] step: n=177 t=3.972252E-03 dt=3.133584E-05
 [ 10-04-2018  13:50:08.656 ] step: n=178 t=4.003588E-03 dt=3.137728E-05
 [ 10-04-2018  13:50:10.783 ] [GRID amr_refine_derefine]: initiating refinement
 [ 10-04-2018  13:50:10.793 ] [GRID amr_refine_derefine]: redist. phase.  tot blks requested: 2377
 [GRID amr_refine_derefine] min blks 147    max blks 150    tot blks 2377
 [GRID amr_refine_derefine] min leaf blks 129    max leaf blks 131    tot leaf blks 2080
 [ 10-04-2018  13:50:10.837 ] [GRID amr_refine_derefine]: refinement complete
 [ 10-04-2018  13:50:10.876 ] step: n=179 t=4.034965E-03 dt=3.141927E-05
 [ 10-04-2018  13:50:10.906 ] [mpi_amr_comm_setup]: buffer_dim_send=506573, buffer_dim_recv=527121
 [ 10-04-2018  13:50:12.275 ] step: n=180 t=4.066384E-03 dt=3.146117E-05
 [ 10-04-2018  13:50:14.184 ] step: n=181 t=4.097845E-03 dt=3.150238E-05
 [ 10-04-2018  13:50:15.583 ] step: n=182 t=4.129348E-03 dt=3.154282E-05
 [ 10-04-2018  13:50:17.498 ] step: n=183 t=4.160890E-03 dt=3.158270E-05
 [ 10-04-2018  13:50:18.894 ] step: n=184 t=4.192473E-03 dt=3.162240E-05
 [ 10-04-2018  13:50:20.805 ] step: n=185 t=4.224096E-03 dt=3.166226E-05
 [ 10-04-2018  13:50:22.201 ] step: n=186 t=4.255758E-03 dt=3.170241E-05
 [ 10-04-2018  13:50:24.116 ] step: n=187 t=4.287460E-03 dt=3.174278E-05
 [ 10-04-2018  13:50:25.512 ] step: n=188 t=4.319203E-03 dt=3.178324E-05
 [ 10-04-2018  13:50:27.424 ] step: n=189 t=4.350986E-03 dt=3.182371E-05
 [ 10-04-2018  13:50:28.821 ] step: n=190 t=4.382810E-03 dt=3.186411E-05
 [ 10-04-2018  13:50:30.736 ] step: n=191 t=4.414674E-03 dt=3.190426E-05
 [ 10-04-2018  13:50:32.132 ] step: n=192 t=4.446578E-03 dt=3.194403E-05
 [ 10-04-2018  13:50:34.042 ] step: n=193 t=4.478522E-03 dt=3.198331E-05
 [ 10-04-2018  13:50:35.438 ] step: n=194 t=4.510506E-03 dt=3.202203E-05
 [ 10-04-2018  13:50:37.348 ] step: n=195 t=4.542528E-03 dt=3.206022E-05
 [ 10-04-2018  13:50:38.742 ] step: n=196 t=4.574588E-03 dt=3.209810E-05
 [ 10-04-2018  13:50:40.653 ] step: n=197 t=4.606686E-03 dt=3.213599E-05
 [ 10-04-2018  13:50:42.050 ] step: n=198 t=4.638822E-03 dt=3.217401E-05
 [ 10-04-2018  13:50:43.957 ] step: n=199 t=4.670996E-03 dt=3.221199E-05
 [ 10-04-2018  13:50:45.355 ] step: n=200 t=4.703208E-03 dt=3.224975E-05
 [ 10-04-2018  13:50:47.265 ] [Driver_evolveFlash]: Exiting evolution loop
 [ 10-04-2018  13:50:47.318 ] [IO_writeCheckpoint] open: type=checkpoint name=sedov_hdf5_chk_0001
 [ 10-04-2018  13:50:47.800 ] [IO_writeCheckpoint] close: type=checkpoint name=sedov_hdf5_chk_0001
 [ 10-04-2018  13:50:47.805 ] [IO_writePlotfile] open: type=plotfile name=sedov_forced_hdf5_plt_cnt_0000
 [ 10-04-2018  13:50:47.956 ] [IO_writePlotfile] close: type=plotfile name=sedov_forced_hdf5_plt_cnt_0000
 [ 10-04-2018  13:50:47.957 ] memory: /proc vsize    (MB):      711.77 (min)        934.55 (max)        832.09 (avg)
 [ 10-04-2018  13:50:47.958 ] memory: /proc rss      (MB):      101.22 (min)        113.24 (max)        107.12 (avg)
 ==============================================================================
 perf_summary: code performance summary for process            0
                      beginning : 10-04-2018  13:46:09
                         ending : 10-04-2018  13:50:47
   seconds in monitoring period :              278.546
      number of evolution steps :                  200
 ------------------------------------------------------------------------------
 accounting unit                       time sec  num calls   secs avg  time pct
 ------------------------------------------------------------------------------
 initialization                         13.208      1          13.208     4.742
  eos                                    0.004      8           0.000     0.001
  guardcell Barrier                      1.130      7           0.161     0.406
  guardcell internal                     0.201      7           0.029     0.072
   amr_guardcell                         0.187      7           0.027     0.067
   eos gc                                0.008      7           0.001     0.003
  writeCheckpoint                        0.186      1           0.186     0.067
   restrictAll                           0.013      1           0.013     0.005
  writePlotfile                          0.073      1           0.073     0.026
 writeCheckpoint                         0.534      1           0.534     0.192
  restrictAll                            0.048      1           0.048     0.017
 writePlotfile                           0.154      1           0.154     0.055
 evolution                             264.644      1         264.644    95.009
  cosmology                              0.000    400           0.000     0.000
  Hydro                                227.076    200           1.135    81.522
   hydro_unsplit                       227.076    200           1.135    81.522
    Head                                48.554    200           0.243    17.431
     guardcell Barrier                   0.001    200           0.000     0.000
     guardcell internal                 48.548    200           0.243    17.429
      amr_guardcell                     43.910    200           0.220    15.764
      eos gc                             2.541    200           0.013     0.912
    RiemannState                       137.541  16414           0.008    49.378
    getFaceFlux                         14.663  16414           0.001     5.264
    unsplitUpdate                        1.413  32828           0.000     0.507
    conserveFluxes                       7.771    200           0.039     2.790
    tail                                 0.034    200           0.000     0.012
  sourceTerms                            0.001    200           0.000     0.000
  Particles_advance                      0.000    200           0.000     0.000
  Gravity potential                      0.000    200           0.000     0.000
  diagnostics                            0.000    200           0.000     0.000
  IO_output                              1.669    400           0.004     0.599
   diagnostics                           1.151    400           0.003     0.413
  Grid_updateRefinement                 35.109    200           0.176    12.604
   eos                                   0.044      6           0.007     0.016
   tree                                 35.063    200           0.175    12.588
    markRefineDerefine                  28.530    100           0.285    10.242
     guardcell Barrier                   0.000    100           0.000     0.000
     guardcell internal                 24.167    100           0.242     8.676
      amr_guardcell                     21.874    100           0.219     7.853
      eos gc                             1.251    100           0.013     0.449
    amr_refine_derefine                  3.291    100           0.033     1.182
    updateData                           0.006    100           0.000     0.002
   updateParticleRefinement              0.000    100           0.000     0.000
  Driver_computeDt                       0.644    200           0.003     0.231
 ==============================================================================
 ==============================================================================
 perf_summary: code performance summary statistics
                      beginning : 10-04-2018  13:46:09
                         ending : 10-04-2018  13:50:47
   seconds in monitoring period :              278.546
      number of evolution steps :                  200
 ------------------------------------------------------------------------------
 accounting unit                  max/proc (s)  min/proc (s) avg/proc (s)   num calls
 ------------------------------------------------------------------------------
 initialization                         13.208        13.207       13.207           1
  eos                                    0.005         0.004        0.004           8
  guardcell Barrier                      3.002         0.610        1.486           7
  guardcell internal                     0.258         0.201        0.233           7
   amr_guardcell                         0.242         0.187        0.216           7
   eos gc                                0.011         0.008        0.010           7
  writeCheckpoint                        0.186         0.185        0.185           1
   restrictAll                           0.013         0.013        0.013           1
  writePlotfile                          0.073         0.071        0.071           1
 writeCheckpoint                         0.534         0.533        0.533           1
  restrictAll                            0.048         0.048        0.048           1
 writePlotfile                           0.154         0.152        0.153           1
 evolution                             264.646       264.644      264.646           1
  cosmology                              0.000         0.000        0.000         400
  Hydro                                227.484       227.076      227.276         200
   hydro_unsplit                       227.484       227.076      227.275         200
    Head                                53.290        46.652       49.913         200
     guardcell Barrier                   0.144         0.001        0.135         200
     guardcell internal                 53.140        46.503       49.774         200
      amr_guardcell                     48.104        41.884       45.078         200
      eos gc                             2.815         2.295        2.587         200
    RiemannState                       137.541       100.587      109.089       16414
    getFaceFlux                         15.460        14.663       14.968       16414
    unsplitUpdate                        1.458         1.396        1.429       32828
    conserveFluxes                      51.565         7.771       39.593         200
    tail                                 0.203         0.001        0.057         200
  sourceTerms                            0.001         0.000        0.000         200
  Particles_advance                      0.000         0.000        0.000         200
  Gravity potential                      0.000         0.000        0.000         200
  diagnostics                            0.000         0.000        0.000         200
  IO_output                              1.807         1.418        1.616         400
   diagnostics                           1.276         0.886        1.086         400
  Grid_updateRefinement                 35.111        35.103       35.107         200
   eos                                   0.046         0.043        0.045           6
   tree                                 35.065        35.057       35.061         200
    markRefineDerefine                  30.558        28.530       29.877         100
     guardcell Barrier                   0.000         0.000        0.000         100
     guardcell internal                 26.310        23.296       24.806         100
      amr_guardcell                     23.906        20.969       22.485         100
      eos gc                             1.384         1.136        1.277         100
    amr_refine_derefine                  3.291         1.261        1.942         100
    updateData                           0.006         0.006        0.006         100
   updateParticleRefinement              0.000         0.000        0.000         100
  Driver_computeDt                       0.644         0.629        0.634         200
 ==============================================================================
 [ 10-04-2018  13:50:47.963 ] LOGFILE_END: FLASH run complete.
